<?xml version="1.0" encoding="UTF-8"?>
<testng-results ignored="0" total="1" passed="1" failed="0" skipped="0">
  <reporter-output>
  </reporter-output>
  <suite started-at="2024-07-09T16:30:19 IST" name="Suite" finished-at="2024-07-09T16:30:34 IST" duration-ms="14292">
    <groups>
    </groups>
    <test started-at="2024-07-09T16:30:19 IST" name="Test" finished-at="2024-07-09T16:30:34 IST" duration-ms="14292">
      <class name="Sample.Demo1">
        <test-method signature="OpenChromeBrowser()[pri:0, instance:Sample.Demo1@783a467b]" started-at="2024-07-09T16:30:19 IST" name="OpenChromeBrowser" finished-at="2024-07-09T16:30:34 IST" duration-ms="14188" status="PASS">
          <reporter-output>
          </reporter-output>
        </test-method> <!-- OpenChromeBrowser -->
      </class> <!-- Sample.Demo1 -->
    </test> <!-- Test -->
  </suite> <!-- Suite -->
</testng-results>
